Sencha Cmd 7.4.0.39 - Crash report
================================================
An error occurred while executing the following command: -sdk /Users/dewan03/simmpleQuick-test generate app -classic SuperQuick ./source

Diagnostic information:
=======================
                                         : ======                                            
                                 <<<<<<< : Generated                                         
                                 >>>>>>> : Custom                                            
                          cmd.config.dir : /Users/dewan03/bin/Sencha/Cmd/7.4.0.39            
                                 cmd.dir : /Users/dewan03/bin/Sencha/Cmd/7.4.0.39            
                    cmd.framework.minver : 5.0.0                                             
                   cmd.framework.version : 5.4.99.9999                                       
              cmd.merge.tool.args.araxis : -wait -merge -3 -a1 {base} {user} {generated} {out}
              cmd.merge.tool.args.kdiff3 : {base} {user} {generated} -o {out}                
             cmd.merge.tool.args.p4merge : {base} {user} {generated} {out}                   
           cmd.merge.tool.args.smartsync : {user} {generated} {base}                         
          cmd.merge.tool.args.sourcegear : --merge --result={out} {user} {base} {generated}  
            cmd.merge.tool.args.tortoise : -base:{base} -theirs:{generated} -mine:{user} -merged:{out}
                              cmd.minver : 3.0.0.0                                           
                            cmd.platform : osx                                               
                     cmd.unicode.escapes : /Users/dewan03/bin/Sencha/Cmd/7.4.0.39/unicode-escapes.json
                             cmd.version : 7.4.0.39                                          
                            cmd.web.port : 1841                                              
                                 ext.dir : /Users/dewan03/ext-5.1.4                          
                        ext.license.name : commercial                                        
                     framework.classpath : /Users/dewan03/ext-5.1.4/src                      
                    framework.cmd.minver : 5.1.3.61                                          
                   framework.cmd.version : 5.1.3.61                                          
                 framework.compatVersion : 4.0                                               
                    framework.config.dir : /Users/dewan03/bin/Sencha/Cmd/7.4.0.39/plugins/ext/5.1
                       framework.creator : Sencha                                            
           framework.detailedDescription : Sencha Ext JS JavaScript Framework                
                           framework.dir : /Users/dewan03/ext-5.1.4                          
                        framework.format : 1                                                 
                          framework.isV5 : true                                              
                          framework.name : ext                                               
                     framework.namespace : ext                                               
                        framework.output : /Users/dewan03/ext-5.1.4/build                    
                  framework.packages.dir : /Users/dewan03/ext-5.1.4/packages                 
                       framework.summary : Ext JS                                            
                          framework.type : framework                                         
                       framework.version : 5.1.4.338                                         
                       inspector.address : http://localhost:1839/                            
                      package.base.names :                                                   
                   package.base.packages :                                                   
                       package.build.dir : /Users/dewan03/ext-5.1.4/build                    
                       package.classpath : /Users/dewan03/ext-5.1.4/src                      
                     package.cmd.version : 7.4.0.39                                          
                   package.compatVersion : 4.0                                               
                      package.config.dir : /Users/dewan03/ext-5.1.4/.sencha/package          
                         package.creator : Sencha                                            
             package.detailedDescription : Sencha Ext JS JavaScript Framework                
                             package.dir : /Users/dewan03/ext-5.1.4                          
                        package.examples : kitchensink,executive-dashboard,charts-kitchensink,desktop,ticket-app,portal,simple-tasks,responsive-app,aria
                    package.examples.dir : /Users/dewan03/ext-5.1.4/examples                 
                          package.format : 1                                                 
                            package.name : ext                                               
                       package.namespace : ext                                               
                          package.output : /Users/dewan03/ext-5.1.4/build                    
                       package.overrides : /Users/dewan03/ext-5.1.4/overrides                
                  package.requires.names : sencha-core                                       
               package.requires.packages : /Users/dewan03/ext-5.1.4/packages/sencha-core     
                         package.subpkgs : ext-ux,ext-locale,ext-charts,ext-theme-classic,ext-theme-gray,ext-theme-classic-sandbox,ext-theme-neptune,ext-theme-neptune-touch,ext-theme-crisp,ext-theme-crisp-touch,ext-aria,ext-theme-aria,sencha-charts,sencha-soap,sencha-amf
                     package.subpkgs.dir : /Users/dewan03/ext-5.1.4/packages                 
                    package.subpkgs.repo : ext-ux,ext-locale,ext-charts,ext-theme-classic,ext-theme-gray,ext-theme-classic-sandbox,ext-theme-neptune,ext-theme-neptune-touch,ext-theme-crisp,ext-theme-crisp-touch,ext-aria,ext-theme-aria
                         package.summary : Ext JS                                            
                            package.type : framework                                         
                         package.version : 5.1.4.338                                         
                          repo.local.dir : /Users/dewan03/bin/Sencha/Cmd/repo                
                       shared.sencha.dir : false                                             
        system.java.net.useSystemProxies : true                                              
                          workspace.apps : my-app,simpleQuick,simpleQuick-test               
                        workspace.apps.0 : my-app                                            
                        workspace.apps.1 : simpleQuick                                       
                        workspace.apps.2 : simpleQuick-test                                  
                   workspace.apps.length : 3                                                 
                     workspace.build.dir : /Users/dewan03/ext-5.1.4/build                    
                    workspace.config.dir : /Users/dewan03/ext-5.1.4/.sencha/workspace        
                           workspace.dir : /Users/dewan03/ext-5.1.4                          
                  workspace.packages.dir : /Users/dewan03/ext-5.1.4/packages/local,/Users/dewan03/ext-5.1.4/packages
              workspace.packages.extract : /Users/dewan03/ext-5.1.4/packages/remote          

Exception information:
=======================
com.sencha.exceptions.ExState: Not a framework directory : /Users/dewan03/simmpleQuick-test
     at com.sencha.cli.AbstractCommand$Property.set(AbstractCommand.java:408)
     at com.sencha.cli.AbstractCommand.processConfigParam(AbstractCommand.java:530)
     at com.sencha.cli.AbstractCommand.configure(AbstractCommand.java:114)
     at com.sencha.command.Sencha.main(Sencha.java:135)
     at sun.reflect.NativeMethodAccessorImpl.invoke0(Native Method)
     at sun.reflect.NativeMethodAccessorImpl.invoke(NativeMethodAccessorImpl.java:62)
     at sun.reflect.DelegatingMethodAccessorImpl.invoke(DelegatingMethodAccessorImpl.java:43)
     at java.lang.reflect.Method.invoke(Method.java:498)
     at com.exe4j.runtime.LauncherEngine.launch(LauncherEngine.java:84)
     at com.install4j.runtime.launcher.UnixLauncher.start(UnixLauncher.java:66)
     at install4j.com.sencha.command.Sencha.main(Unknown Source)
   Caused by: Not a framework directory : /Users/dewan03/simmpleQuick-test
     at com.sencha.command.Sencha.setSdkPath(Sencha.java:439)
     at sun.reflect.NativeMethodAccessorImpl.invoke0(Native Method)
     at sun.reflect.NativeMethodAccessorImpl.invoke(NativeMethodAccessorImpl.java:62)
     at sun.reflect.DelegatingMethodAccessorImpl.invoke(DelegatingMethodAccessorImpl.java:43)
     at java.lang.reflect.Method.invoke(Method.java:498)
     at com.sencha.cli.AbstractCommand$Property.set(AbstractCommand.java:396)
     at com.sencha.cli.AbstractCommand.processConfigParam(AbstractCommand.java:530)
     at com.sencha.cli.AbstractCommand.configure(AbstractCommand.java:114)
     at com.sencha.command.Sencha.main(Sencha.java:135)
     at sun.reflect.NativeMethodAccessorImpl.invoke0(Native Method)
     at sun.reflect.NativeMethodAccessorImpl.invoke(NativeMethodAccessorImpl.java:62)
     at sun.reflect.DelegatingMethodAccessorImpl.invoke(DelegatingMethodAccessorImpl.java:43)
     at java.lang.reflect.Method.invoke(Method.java:498)
     at com.exe4j.runtime.LauncherEngine.launch(LauncherEngine.java:84)
     at com.install4j.runtime.launcher.UnixLauncher.start(UnixLauncher.java:66)
     at install4j.com.sencha.command.Sencha.main(Unknown Source)

